{"logTime": "0411/005659", "correlationVector":"dDLuP2ATHePO7hpsn25IZM.1","action":"SyncServerConnectionManagerRequest", "result":"SYNC_SERVER_OK", "context":{"environment":"Prod_southindia_prod-s01-004-apac-southindia", "migrationStage":"NotStarted", "server":"akswtt01100001t"}}
{"logTime": "0411/005659", "correlationVector":"dDLuP2ATHePO7hpsn25IZM.2","action":"ProcessGetUpdates", "result":"Done", "context":{"dataType":"Encryption Keys", "deleted":"0", "process_failed_to_decrypt":"0", "process_pending_decryption":"0", "process_success":"1", "total":"1"}}
{"logTime": "0411/005659", "correlationVector":"FH8Sj7xMy16z3U8ggXlEtr","action":"SyncServerConnectionManagerRequest", "result":"SYNC_SERVER_OK", "context":{"environment":"", "migrationStage":"", "server":""}}
{"logTime": "0411/005659", "correlationVector":"FH8Sj7xMy16z3U8ggXlEtr.0","action":"EncryptionKeysFetcher.DownloadKeys:", "result":"Success", "context":Key count: 3, Last key timestamp: 2024-11-05T16:49:33Z}
{"logTime": "0411/005659", "correlationVector":"FH8Sj7xMy16z3U8ggXlEtr.1","action":"EncryptionKeysManager::SetEncryptionKeys:", "result":"Success", "context":Key names[3]:[tyiLjH7WKzjHuLDR6fGvN1x2iP+RRs9gSYLkIS1o6e5McyHwxyNrvSMDGtbbmqM7AmGw72YSAgBShlaLn3QV+A==][S0ezDAUEUKDxVnhcSyjh0tcz+q4IBlWG6w+zc/TPO8cTflNB98oxtefz2aSRWg3uWRRNr5/enwTblJd2153Lcg==][EvWjeNP/fuZJEBo85yVMmKv+53hPYvAR832OlgSHkvJzPybN2TPUDT/AwFnDRv19G+n1al60EosrpH9cX15ViQ==]}
{"logTime": "0411/005659", "correlationVector":"FH8Sj7xMy16z3U8ggXlEtr.2","action":"EncryptionKeysManager::SetEncryptionKeysWithTimestamps:", "result":"Success", "context":Key timestamps[3]:[2023-11-01T15:40:29Z][2024-05-07T05:46:13Z][2024-11-05T16:49:33Z]}
{"logTime": "0411/005659", "correlationVector":"dDLuP2ATHePO7hpsn25IZM","action":"Initial GetUpdates", "result":"", "context":Reason: NEW_CLIENT. cV=dDLuP2ATHePO7hpsn25IZM}
{"logTime": "0411/005659", "correlationVector":"dDLuP2ATHePO7hpsn25IZM.3","action":"GetUpdates Response", "result":"Success", "context":Received 1 update(s). cV=dDLuP2ATHePO7hpsn25IZM.0;server=akswtt01100001t;cloudType=Consumer;environment=Prod_southindia_prod-s01-004-apac-southindia;migrationStage=NotStarted}
{"logTime": "0411/005659", "correlationVector":"it9/BssXS1uQUK8QDaZ3tz","action":"Initial GetUpdates", "result":"", "context":Reason: NEWLY_SUPPORTED_DATATYPE. cV=it9/BssXS1uQUK8QDaZ3tz}
{"logTime": "0411/005700", "correlationVector":"it9/BssXS1uQUK8QDaZ3tz.1","action":"SyncServerConnectionManagerRequest", "result":"SYNC_SERVER_OK", "context":{"environment":"Prod_southindia_prod-s01-004-apac-southindia", "migrationStage":"NotStarted", "server":"akswtt01100002j"}}
{"logTime": "0411/005700", "correlationVector":"it9/BssXS1uQUK8QDaZ3tz.2","action":"ProcessGetUpdates", "result":"Done", "context":{"dataType":"Preferences", "deleted":"0", "process_failed_to_decrypt":"0", "process_pending_decryption":"0", "process_success":"70", "total":"70"}}
{"logTime": "0411/005700", "correlationVector":"it9/BssXS1uQUK8QDaZ3tz.3","action":"ProcessGetUpdates", "result":"Done", "context":{"dataType":"Passwords", "deleted":"10", "process_failed_to_decrypt":"0", "process_pending_decryption":"0", "process_success":"19", "total":"19"}}
{"logTime": "0411/005700", "correlationVector":"it9/BssXS1uQUK8QDaZ3tz.4","action":"ProcessGetUpdates", "result":"Done", "context":{"dataType":"Device Info", "deleted":"0", "process_failed_to_decrypt":"0", "process_pending_decryption":"0", "process_success":"3", "total":"3"}}
{"logTime": "0411/005700", "correlationVector":"it9/BssXS1uQUK8QDaZ3tz.5","action":"GetUpdates Response", "result":"Success", "context":Received 92 update(s). cV=it9/BssXS1uQUK8QDaZ3tz.0;server=akswtt01100002j;cloudType=Consumer;environment=Prod_southindia_prod-s01-004-apac-southindia;migrationStage=NotStarted}
{"logTime": "0411/005700", "correlationVector":"07LswFeyZJkf4/gQOhparb","action":"Initial GetUpdates", "result":"", "context":Reason: NEWLY_SUPPORTED_DATATYPE. cV=07LswFeyZJkf4/gQOhparb}
{"logTime": "0411/005701", "correlationVector":"07LswFeyZJkf4/gQOhparb.1","action":"SyncServerConnectionManagerRequest", "result":"SYNC_SERVER_OK", "context":{"environment":"Prod_southindia_prod-s01-004-apac-southindia", "migrationStage":"NotStarted", "server":"akswtt01100001o"}}
{"logTime": "0411/005701", "correlationVector":"07LswFeyZJkf4/gQOhparb.2","action":"ProcessGetUpdates", "result":"Done", "context":{"dataType":"Bookmarks", "deleted":"0", "process_failed_to_decrypt":"0", "process_pending_decryption":"0", "process_success":"28", "total":"28"}}
{"logTime": "0411/005701", "correlationVector":"07LswFeyZJkf4/gQOhparb.3","action":"GetUpdates Response", "result":"Success", "context":Received 28 update(s). cV=07LswFeyZJkf4/gQOhparb.0;server=akswtt01100001o;cloudType=Consumer;environment=Prod_southindia_prod-s01-004-apac-southindia;migrationStage=NotStarted}
{"logTime": "0411/005701", "correlationVector":"zfzULIDg3APilKjOdVClAH","action":"Initial GetUpdates", "result":"", "context":Reason: NEWLY_SUPPORTED_DATATYPE. cV=zfzULIDg3APilKjOdVClAH}
{"logTime": "0411/005701", "correlationVector":"zfzULIDg3APilKjOdVClAH.1","action":"SyncServerConnectionManagerRequest", "result":"SYNC_SERVER_OK", "context":{"environment":"Prod_southindia_prod-s01-004-apac-southindia", "migrationStage":"NotStarted", "server":"akswtt011000028"}}
{"logTime": "0411/005701", "correlationVector":"zfzULIDg3APilKjOdVClAH.2","action":"ProcessGetUpdates", "result":"Done", "context":{"dataType":"Autofill Profiles", "deleted":"0", "process_failed_to_decrypt":"0", "process_pending_decryption":"0", "process_success":"18", "total":"18"}}
{"logTime": "0411/005701", "correlationVector":"zfzULIDg3APilKjOdVClAH.3","action":"ProcessGetUpdates", "result":"Done", "context":{"dataType":"Autofill", "deleted":"0", "process_failed_to_decrypt":"0", "process_pending_decryption":"0", "process_success":"112", "total":"112"}}
{"logTime": "0411/005701", "correlationVector":"zfzULIDg3APilKjOdVClAH.4","action":"ProcessGetUpdates", "result":"Done", "context":{"dataType":"Extensions", "deleted":"0", "process_failed_to_decrypt":"0", "process_pending_decryption":"0", "process_success":"3", "total":"3"}}
{"logTime": "0411/005701", "correlationVector":"zfzULIDg3APilKjOdVClAH.5","action":"ProcessGetUpdates", "result":"Done", "context":{"dataType":"Sessions", "deleted":"103", "process_failed_to_decrypt":"0", "process_pending_decryption":"0", "process_success":"103", "total":"103"}}
{"logTime": "0411/005701", "correlationVector":"zfzULIDg3APilKjOdVClAH.6","action":"ProcessGetUpdates", "result":"Done", "context":{"dataType":"Extension settings", "deleted":"0", "process_failed_to_decrypt":"0", "process_pending_decryption":"0", "process_success":"2", "total":"2"}}
{"logTime": "0411/005701", "correlationVector":"zfzULIDg3APilKjOdVClAH.7","action":"ProcessGetUpdates", "result":"Done", "context":{"dataType":"Web Apps", "deleted":"0", "process_failed_to_decrypt":"0", "process_pending_decryption":"0", "process_success":"8", "total":"8"}}
{"logTime": "0411/005701", "correlationVector":"zfzULIDg3APilKjOdVClAH.8","action":"ProcessGetUpdates", "result":"Done", "context":{"dataType":"Edge Hub App Usage", "deleted":"0", "process_failed_to_decrypt":"0", "process_pending_decryption":"0", "process_success":"4", "total":"4"}}
{"logTime": "0411/005701", "correlationVector":"zfzULIDg3APilKjOdVClAH.9","action":"GetUpdates Response", "result":"Success", "context":Received 250 update(s). cV=zfzULIDg3APilKjOdVClAH.0;server=akswtt011000028;cloudType=Consumer;environment=Prod_southindia_prod-s01-004-apac-southindia;migrationStage=NotStarted Some updates remain.}
{"logTime": "0411/005701", "correlationVector":"+IEWAS7+erZ/KijU9L7RuU","action":"Initial GetUpdates", "result":"", "context":Reason: NEWLY_SUPPORTED_DATATYPE. cV=+IEWAS7+erZ/KijU9L7RuU}
{"logTime": "0411/005702", "correlationVector":"+IEWAS7+erZ/KijU9L7RuU.1","action":"SyncServerConnectionManagerRequest", "result":"SYNC_SERVER_OK", "context":{"environment":"Prod_southindia_prod-s01-004-apac-southindia", "migrationStage":"NotStarted", "server":"akswtt01100004s"}}
{"logTime": "0411/005702", "correlationVector":"+IEWAS7+erZ/KijU9L7RuU.2","action":"ProcessGetUpdates", "result":"Done", "context":{"dataType":"Autofill Profiles", "deleted":"0", "process_failed_to_decrypt":"0", "process_pending_decryption":"0", "process_success":"2", "total":"2"}}
{"logTime": "0411/005702", "correlationVector":"+IEWAS7+erZ/KijU9L7RuU.3","action":"ProcessGetUpdates", "result":"Done", "context":{"dataType":"Autofill", "deleted":"0", "process_failed_to_decrypt":"0", "process_pending_decryption":"0", "process_success":"47", "total":"47"}}
{"logTime": "0411/005702", "correlationVector":"+IEWAS7+erZ/KijU9L7RuU.4","action":"ProcessGetUpdates", "result":"Done", "context":{"dataType":"Sessions", "deleted":"192", "process_failed_to_decrypt":"0", "process_pending_decryption":"0", "process_success":"192", "total":"192"}}
{"logTime": "0411/005702", "correlationVector":"+IEWAS7+erZ/KijU9L7RuU.5","action":"ProcessGetUpdates", "result":"Done", "context":{"dataType":"Web Apps", "deleted":"0", "process_failed_to_decrypt":"0", "process_pending_decryption":"0", "process_success":"2", "total":"2"}}
{"logTime": "0411/005702", "correlationVector":"+IEWAS7+erZ/KijU9L7RuU.6","action":"ProcessGetUpdates", "result":"Done", "context":{"dataType":"Edge Hub App Usage", "deleted":"0", "process_failed_to_decrypt":"0", "process_pending_decryption":"0", "process_success":"7", "total":"7"}}
{"logTime": "0411/005702", "correlationVector":"+IEWAS7+erZ/KijU9L7RuU.7","action":"GetUpdates Response", "result":"Success", "context":Received 250 update(s). cV=+IEWAS7+erZ/KijU9L7RuU.0;server=akswtt01100004s;cloudType=Consumer;environment=Prod_southindia_prod-s01-004-apac-southindia;migrationStage=NotStarted Some updates remain.}
{"logTime": "0411/005702", "correlationVector":"zefbynFoywQYHplraZu1hV","action":"Initial GetUpdates", "result":"", "context":Reason: NEWLY_SUPPORTED_DATATYPE. cV=zefbynFoywQYHplraZu1hV}
{"logTime": "0411/005703", "correlationVector":"zefbynFoywQYHplraZu1hV.1","action":"SyncServerConnectionManagerRequest", "result":"SYNC_SERVER_OK", "context":{"environment":"Prod_southindia_prod-s01-004-apac-southindia", "migrationStage":"NotStarted", "server":"akswtt01100001o"}}
{"logTime": "0411/005703", "correlationVector":"zefbynFoywQYHplraZu1hV.2","action":"ProcessGetUpdates", "result":"Done", "context":{"dataType":"Autofill Profiles", "deleted":"0", "process_failed_to_decrypt":"0", "process_pending_decryption":"0", "process_success":"1", "total":"1"}}
{"logTime": "0411/005703", "correlationVector":"zefbynFoywQYHplraZu1hV.3","action":"ProcessGetUpdates", "result":"Done", "context":{"dataType":"Autofill", "deleted":"0", "process_failed_to_decrypt":"0", "process_pending_decryption":"0", "process_success":"83", "total":"83"}}
{"logTime": "0411/005703", "correlationVector":"zefbynFoywQYHplraZu1hV.4","action":"ProcessGetUpdates", "result":"Done", "context":{"dataType":"Sessions", "deleted":"159", "process_failed_to_decrypt":"0", "process_pending_decryption":"0", "process_success":"159", "total":"159"}}
{"logTime": "0411/005703", "correlationVector":"zefbynFoywQYHplraZu1hV.5","action":"ProcessGetUpdates", "result":"Done", "context":{"dataType":"Edge Hub App Usage", "deleted":"1", "process_failed_to_decrypt":"0", "process_pending_decryption":"0", "process_success":"7", "total":"7"}}
{"logTime": "0411/005703", "correlationVector":"zefbynFoywQYHplraZu1hV.6","action":"GetUpdates Response", "result":"Success", "context":Received 250 update(s). cV=zefbynFoywQYHplraZu1hV.0;server=akswtt01100001o;cloudType=Consumer;environment=Prod_southindia_prod-s01-004-apac-southindia;migrationStage=NotStarted Some updates remain.}
{"logTime": "0411/005703", "correlationVector":"JdeN3qJmju6RyA1O4plHUJ","action":"Initial GetUpdates", "result":"", "context":Reason: NEWLY_SUPPORTED_DATATYPE. cV=JdeN3qJmju6RyA1O4plHUJ}
{"logTime": "0411/005703", "correlationVector":"JdeN3qJmju6RyA1O4plHUJ.1","action":"SyncServerConnectionManagerRequest", "result":"SYNC_SERVER_OK", "context":{"environment":"Prod_southindia_prod-s01-004-apac-southindia", "migrationStage":"NotStarted", "server":"akswtt01100001o"}}
{"logTime": "0411/005703", "correlationVector":"JdeN3qJmju6RyA1O4plHUJ.2","action":"ProcessGetUpdates", "result":"Done", "context":{"dataType":"Autofill Profiles", "deleted":"0", "process_failed_to_decrypt":"0", "process_pending_decryption":"0", "process_success":"3", "total":"3"}}
{"logTime": "0411/005703", "correlationVector":"JdeN3qJmju6RyA1O4plHUJ.3","action":"ProcessGetUpdates", "result":"Done", "context":{"dataType":"Autofill", "deleted":"0", "process_failed_to_decrypt":"0", "process_pending_decryption":"0", "process_success":"32", "total":"32"}}
{"logTime": "0411/005703", "correlationVector":"JdeN3qJmju6RyA1O4plHUJ.4","action":"ProcessGetUpdates", "result":"Done", "context":{"dataType":"Sessions", "deleted":"207", "process_failed_to_decrypt":"0", "process_pending_decryption":"0", "process_success":"207", "total":"207"}}
{"logTime": "0411/005703", "correlationVector":"JdeN3qJmju6RyA1O4plHUJ.5","action":"ProcessGetUpdates", "result":"Done", "context":{"dataType":"Web Apps", "deleted":"0", "process_failed_to_decrypt":"0", "process_pending_decryption":"0", "process_success":"1", "total":"1"}}
{"logTime": "0411/005703", "correlationVector":"JdeN3qJmju6RyA1O4plHUJ.6","action":"ProcessGetUpdates", "result":"Done", "context":{"dataType":"Edge Hub App Usage", "deleted":"3", "process_failed_to_decrypt":"0", "process_pending_decryption":"0", "process_success":"7", "total":"7"}}
{"logTime": "0411/005703", "correlationVector":"JdeN3qJmju6RyA1O4plHUJ.7","action":"GetUpdates Response", "result":"Success", "context":Received 250 update(s). cV=JdeN3qJmju6RyA1O4plHUJ.0;server=akswtt01100001o;cloudType=Consumer;environment=Prod_southindia_prod-s01-004-apac-southindia;migrationStage=NotStarted Some updates remain.}
{"logTime": "0411/005703", "correlationVector":"22veHg/NdPELZ4x+8AZVCL","action":"Initial GetUpdates", "result":"", "context":Reason: NEWLY_SUPPORTED_DATATYPE. cV=22veHg/NdPELZ4x+8AZVCL}
{"logTime": "0411/005704", "correlationVector":"22veHg/NdPELZ4x+8AZVCL.1","action":"SyncServerConnectionManagerRequest", "result":"SYNC_SERVER_OK", "context":{"environment":"Prod_southindia_prod-s01-004-apac-southindia", "migrationStage":"NotStarted", "server":"akswtt01100002j"}}
{"logTime": "0411/005704", "correlationVector":"22veHg/NdPELZ4x+8AZVCL.2","action":"ProcessGetUpdates", "result":"Done", "context":{"dataType":"Autofill Profiles", "deleted":"1", "process_failed_to_decrypt":"0", "process_pending_decryption":"0", "process_success":"4", "total":"4"}}
{"logTime": "0411/005704", "correlationVector":"22veHg/NdPELZ4x+8AZVCL.3","action":"ProcessGetUpdates", "result":"Done", "context":{"dataType":"Autofill", "deleted":"0", "process_failed_to_decrypt":"0", "process_pending_decryption":"0", "process_success":"11", "total":"11"}}
{"logTime": "0411/005704", "correlationVector":"22veHg/NdPELZ4x+8AZVCL.4","action":"ProcessGetUpdates", "result":"Done", "context":{"dataType":"Extensions", "deleted":"0", "process_failed_to_decrypt":"0", "process_pending_decryption":"0", "process_success":"1", "total":"1"}}
{"logTime": "0411/005704", "correlationVector":"22veHg/NdPELZ4x+8AZVCL.5","action":"ProcessGetUpdates", "result":"Done", "context":{"dataType":"Sessions", "deleted":"216", "process_failed_to_decrypt":"0", "process_pending_decryption":"0", "process_success":"218", "total":"218"}}
{"logTime": "0411/005704", "correlationVector":"22veHg/NdPELZ4x+8AZVCL.6","action":"ProcessGetUpdates", "result":"Done", "context":{"dataType":"Web Apps", "deleted":"0", "process_failed_to_decrypt":"0", "process_pending_decryption":"0", "process_success":"5", "total":"5"}}
{"logTime": "0411/005704", "correlationVector":"22veHg/NdPELZ4x+8AZVCL.7","action":"ProcessGetUpdates", "result":"Done", "context":{"dataType":"Edge Hub App Usage", "deleted":"5", "process_failed_to_decrypt":"0", "process_pending_decryption":"0", "process_success":"11", "total":"11"}}
{"logTime": "0411/005704", "correlationVector":"22veHg/NdPELZ4x+8AZVCL.8","action":"GetUpdates Response", "result":"Success", "context":Received 250 update(s). cV=22veHg/NdPELZ4x+8AZVCL.0;server=akswtt01100002j;cloudType=Consumer;environment=Prod_southindia_prod-s01-004-apac-southindia;migrationStage=NotStarted Some updates remain.}
{"logTime": "0411/005704", "correlationVector":"7+Z0CbvM1fMFwNyJdaZ19l","action":"Initial GetUpdates", "result":"", "context":Reason: NEWLY_SUPPORTED_DATATYPE. cV=7+Z0CbvM1fMFwNyJdaZ19l}
{"logTime": "0411/005705", "correlationVector":"7+Z0CbvM1fMFwNyJdaZ19l.1","action":"SyncServerConnectionManagerRequest", "result":"SYNC_SERVER_OK", "context":{"environment":"Prod_southindia_prod-s01-004-apac-southindia", "migrationStage":"NotStarted", "server":"akswtt011000025"}}
{"logTime": "0411/005705", "correlationVector":"7+Z0CbvM1fMFwNyJdaZ19l.2","action":"ProcessGetUpdates", "result":"Done", "context":{"dataType":"Autofill Profiles", "deleted":"0", "process_failed_to_decrypt":"0", "process_pending_decryption":"0", "process_success":"2", "total":"2"}}
{"logTime": "0411/005705", "correlationVector":"7+Z0CbvM1fMFwNyJdaZ19l.3","action":"ProcessGetUpdates", "result":"Done", "context":{"dataType":"Autofill", "deleted":"0", "process_failed_to_decrypt":"0", "process_pending_decryption":"0", "process_success":"6", "total":"6"}}
{"logTime": "0411/005705", "correlationVector":"7+Z0CbvM1fMFwNyJdaZ19l.4","action":"ProcessGetUpdates", "result":"Done", "context":{"dataType":"Extensions", "deleted":"0", "process_failed_to_decrypt":"0", "process_pending_decryption":"0", "process_success":"1", "total":"1"}}
{"logTime": "0411/005705", "correlationVector":"7+Z0CbvM1fMFwNyJdaZ19l.5","action":"ProcessGetUpdates", "result":"Done", "context":{"dataType":"Sessions", "deleted":"69", "process_failed_to_decrypt":"0", "process_pending_decryption":"0", "process_success":"77", "total":"77"}}
{"logTime": "0411/005705", "correlationVector":"7+Z0CbvM1fMFwNyJdaZ19l.6","action":"GetUpdates Response", "result":"Success", "context":Received 86 update(s). cV=7+Z0CbvM1fMFwNyJdaZ19l.0;server=akswtt011000025;cloudType=Consumer;environment=Prod_southindia_prod-s01-004-apac-southindia;migrationStage=NotStarted}
{"logTime": "0411/005705", "correlationVector":"ZesafJPjUlE+TzmobHzgyc","action":"Initial GetUpdates", "result":"", "context":Reason: NEWLY_SUPPORTED_DATATYPE. cV=ZesafJPjUlE+TzmobHzgyc}
{"logTime": "0411/005706", "correlationVector":"ZesafJPjUlE+TzmobHzgyc.1","action":"SyncServerConnectionManagerRequest", "result":"SYNC_SERVER_OK", "context":{"environment":"Prod_southindia_prod-s01-004-apac-southindia", "migrationStage":"NotStarted", "server":"akswtt01100001o"}}
{"logTime": "0411/005706", "correlationVector":"ZesafJPjUlE+TzmobHzgyc.2","action":"ProcessGetUpdates", "result":"Done", "context":{"dataType":"History", "deleted":"0", "process_failed_to_decrypt":"0", "process_pending_decryption":"0", "process_success":"250", "total":"250"}}
{"logTime": "0411/005706", "correlationVector":"ZesafJPjUlE+TzmobHzgyc.3","action":"GetUpdates Response", "result":"Success", "context":Received 250 update(s). cV=ZesafJPjUlE+TzmobHzgyc.0;server=akswtt01100001o;cloudType=Consumer;environment=Prod_southindia_prod-s01-004-apac-southindia;migrationStage=NotStarted Some updates remain.}
{"logTime": "0411/005706", "correlationVector":"zRhYESLyU35ykDVmZtHhqS","action":"Initial GetUpdates", "result":"", "context":Reason: NEWLY_SUPPORTED_DATATYPE. cV=zRhYESLyU35ykDVmZtHhqS}
{"logTime": "0411/005707", "correlationVector":"zRhYESLyU35ykDVmZtHhqS.1","action":"SyncServerConnectionManagerRequest", "result":"SYNC_SERVER_OK", "context":{"environment":"Prod_southindia_prod-s01-004-apac-southindia", "migrationStage":"NotStarted", "server":"akswtt01100002j"}}
{"logTime": "0411/005707", "correlationVector":"zRhYESLyU35ykDVmZtHhqS.2","action":"ProcessGetUpdates", "result":"Done", "context":{"dataType":"History", "deleted":"0", "process_failed_to_decrypt":"0", "process_pending_decryption":"0", "process_success":"250", "total":"250"}}
{"logTime": "0411/005707", "correlationVector":"zRhYESLyU35ykDVmZtHhqS.3","action":"GetUpdates Response", "result":"Success", "context":Received 250 update(s). cV=zRhYESLyU35ykDVmZtHhqS.0;server=akswtt01100002j;cloudType=Consumer;environment=Prod_southindia_prod-s01-004-apac-southindia;migrationStage=NotStarted Some updates remain.}
{"logTime": "0411/005707", "correlationVector":"NHRBjjsZMQkvzKPCmJLcrs","action":"Initial GetUpdates", "result":"", "context":Reason: NEWLY_SUPPORTED_DATATYPE. cV=NHRBjjsZMQkvzKPCmJLcrs}
{"logTime": "0411/005708", "correlationVector":"NHRBjjsZMQkvzKPCmJLcrs.1","action":"SyncServerConnectionManagerRequest", "result":"SYNC_SERVER_OK", "context":{"environment":"Prod_southindia_prod-s01-004-apac-southindia", "migrationStage":"NotStarted", "server":"akswtt01100001o"}}
{"logTime": "0411/005708", "correlationVector":"NHRBjjsZMQkvzKPCmJLcrs.2","action":"ProcessGetUpdates", "result":"Done", "context":{"dataType":"History", "deleted":"0", "process_failed_to_decrypt":"0", "process_pending_decryption":"0", "process_success":"250", "total":"250"}}
{"logTime": "0411/005708", "correlationVector":"NHRBjjsZMQkvzKPCmJLcrs.3","action":"GetUpdates Response", "result":"Success", "context":Received 250 update(s). cV=NHRBjjsZMQkvzKPCmJLcrs.0;server=akswtt01100001o;cloudType=Consumer;environment=Prod_southindia_prod-s01-004-apac-southindia;migrationStage=NotStarted Some updates remain.}
{"logTime": "0411/005708", "correlationVector":"wOyFyBrgIdoQ7jbEDXGIDs","action":"Initial GetUpdates", "result":"", "context":Reason: NEWLY_SUPPORTED_DATATYPE. cV=wOyFyBrgIdoQ7jbEDXGIDs}
{"logTime": "0411/005708", "correlationVector":"wOyFyBrgIdoQ7jbEDXGIDs.1","action":"SyncServerConnectionManagerRequest", "result":"SYNC_SERVER_OK", "context":{"environment":"Prod_southindia_prod-s01-004-apac-southindia", "migrationStage":"NotStarted", "server":"akswtt01100004s"}}
{"logTime": "0411/005708", "correlationVector":"wOyFyBrgIdoQ7jbEDXGIDs.2","action":"ProcessGetUpdates", "result":"Done", "context":{"dataType":"History", "deleted":"0", "process_failed_to_decrypt":"0", "process_pending_decryption":"0", "process_success":"250", "total":"250"}}
{"logTime": "0411/005708", "correlationVector":"wOyFyBrgIdoQ7jbEDXGIDs.3","action":"GetUpdates Response", "result":"Success", "context":Received 250 update(s). cV=wOyFyBrgIdoQ7jbEDXGIDs.0;server=akswtt01100004s;cloudType=Consumer;environment=Prod_southindia_prod-s01-004-apac-southindia;migrationStage=NotStarted Some updates remain.}
{"logTime": "0411/005708", "correlationVector":"YQ10XJfaJ63q0zeMnDfJ08","action":"Initial GetUpdates", "result":"", "context":Reason: NEWLY_SUPPORTED_DATATYPE. cV=YQ10XJfaJ63q0zeMnDfJ08}
{"logTime": "0411/005709", "correlationVector":"YQ10XJfaJ63q0zeMnDfJ08.1","action":"SyncServerConnectionManagerRequest", "result":"SYNC_SERVER_OK", "context":{"environment":"Prod_southindia_prod-s01-004-apac-southindia", "migrationStage":"NotStarted", "server":"akswtt01100002e"}}
{"logTime": "0411/005709", "correlationVector":"YQ10XJfaJ63q0zeMnDfJ08.2","action":"ProcessGetUpdates", "result":"Done", "context":{"dataType":"History", "deleted":"0", "process_failed_to_decrypt":"0", "process_pending_decryption":"0", "process_success":"250", "total":"250"}}
{"logTime": "0411/005709", "correlationVector":"YQ10XJfaJ63q0zeMnDfJ08.3","action":"GetUpdates Response", "result":"Success", "context":Received 250 update(s). cV=YQ10XJfaJ63q0zeMnDfJ08.0;server=akswtt01100002e;cloudType=Consumer;environment=Prod_southindia_prod-s01-004-apac-southindia;migrationStage=NotStarted Some updates remain.}
{"logTime": "0411/005709", "correlationVector":"V9P+RXmkVh1AAELSayIszL","action":"Initial GetUpdates", "result":"", "context":Reason: NEWLY_SUPPORTED_DATATYPE. cV=V9P+RXmkVh1AAELSayIszL}
{"logTime": "0411/005710", "correlationVector":"V9P+RXmkVh1AAELSayIszL.1","action":"SyncServerConnectionManagerRequest", "result":"SYNC_SERVER_OK", "context":{"environment":"Prod_southindia_prod-s01-004-apac-southindia", "migrationStage":"NotStarted", "server":"akswtt011000025"}}
{"logTime": "0411/005710", "correlationVector":"V9P+RXmkVh1AAELSayIszL.2","action":"ProcessGetUpdates", "result":"Done", "context":{"dataType":"History", "deleted":"0", "process_failed_to_decrypt":"0", "process_pending_decryption":"0", "process_success":"250", "total":"250"}}
{"logTime": "0411/005710", "correlationVector":"V9P+RXmkVh1AAELSayIszL.3","action":"GetUpdates Response", "result":"Success", "context":Received 250 update(s). cV=V9P+RXmkVh1AAELSayIszL.0;server=akswtt011000025;cloudType=Consumer;environment=Prod_southindia_prod-s01-004-apac-southindia;migrationStage=NotStarted Some updates remain.}
{"logTime": "0411/005710", "correlationVector":"9ETDUbtGzadefsN+8HdN7A","action":"Initial GetUpdates", "result":"", "context":Reason: NEWLY_SUPPORTED_DATATYPE. cV=9ETDUbtGzadefsN+8HdN7A}
{"logTime": "0411/005710", "correlationVector":"9ETDUbtGzadefsN+8HdN7A.1","action":"SyncServerConnectionManagerRequest", "result":"SYNC_SERVER_OK", "context":{"environment":"Prod_southindia_prod-s01-004-apac-southindia", "migrationStage":"NotStarted", "server":"akswtt01100002e"}}
{"logTime": "0411/005710", "correlationVector":"9ETDUbtGzadefsN+8HdN7A.2","action":"ProcessGetUpdates", "result":"Done", "context":{"dataType":"History", "deleted":"0", "process_failed_to_decrypt":"0", "process_pending_decryption":"0", "process_success":"193", "total":"193"}}
{"logTime": "0411/005710", "correlationVector":"9ETDUbtGzadefsN+8HdN7A.3","action":"GetUpdates Response", "result":"Success", "context":Received 193 update(s). cV=9ETDUbtGzadefsN+8HdN7A.0;server=akswtt01100002e;cloudType=Consumer;environment=Prod_southindia_prod-s01-004-apac-southindia;migrationStage=NotStarted}
{"logTime": "0411/005710", "correlationVector":"rC/5Xd2Q8WD6Y1h6+yEGdi","action":"Normal GetUpdate request", "result":"", "context":cV=rC/5Xd2Q8WD6Y1h6+yEGdi
Nudged types: Bookmarks, Sessions, Device Info, User Consents
Refresh requested types: Bookmarks, Preferences, Passwords, Autofill Profiles, Autofill, Extensions, Sessions, Extension settings, History Delete Directives, Device Info, User Consents, Send Tab To Self, Web Apps, History, Saved Tab Group, Collection, Edge E Drop, Edge Hub App Usage, Edge Tab Group, Edge Wallet, Encryption Keys}
{"logTime": "0411/005711", "correlationVector":"rC/5Xd2Q8WD6Y1h6+yEGdi.1","action":"SyncServerConnectionManagerRequest", "result":"SYNC_SERVER_OK", "context":{"environment":"Prod_southindia_prod-s01-004-apac-southindia", "migrationStage":"NotStarted", "server":"akswtt011000025"}}
{"logTime": "0411/005711", "correlationVector":"rC/5Xd2Q8WD6Y1h6+yEGdi.2","action":"GetUpdates Response", "result":"Success", "context":Received 0 update(s). cV=rC/5Xd2Q8WD6Y1h6+yEGdi.0;server=akswtt011000025;cloudType=Consumer;environment=Prod_southindia_prod-s01-004-apac-southindia;migrationStage=NotStarted}
{"logTime": "0411/005711", "correlationVector":"ghJtVdKKRU9eyHT0jX4RkZ","action":"Commit Request", "result":"", "context":Item count: 28
Contributing types: Bookmarks, Sessions, Device Info, User Consents}
{"logTime": "0411/005713", "correlationVector":"ghJtVdKKRU9eyHT0jX4RkZ.1","action":"SyncServerConnectionManagerRequest", "result":"SYNC_SERVER_OK", "context":{"environment":"Prod_southindia_prod-s01-004-apac-southindia", "migrationStage":"NotStarted", "server":"akswtt011000003"}}
{"logTime": "0411/005713", "correlationVector":"ghJtVdKKRU9eyHT0jX4RkZ.2","action":"Commit Response", "result":"Success", "context":Result: Success. cV=ghJtVdKKRU9eyHT0jX4RkZ.0;server=akswtt011000003;cloudType=Consumer;environment=Prod_southindia_prod-s01-004-apac-southindia;migrationStage=NotStarted}
{"logTime": "0411/005817", "correlationVector":"MsAhPLChQ8gH+mDc1+MoGM","action":"Commit Request", "result":"", "context":Item count: 2
Contributing types: Sessions, History}
{"logTime": "0411/005818", "correlationVector":"MsAhPLChQ8gH+mDc1+MoGM.1","action":"SyncServerConnectionManagerRequest", "result":"SYNC_SERVER_OK", "context":{"environment":"Prod_southindia_prod-s01-004-apac-southindia", "migrationStage":"NotStarted", "server":"akswtt01100001p"}}
{"logTime": "0411/005818", "correlationVector":"MsAhPLChQ8gH+mDc1+MoGM.2","action":"Commit Response", "result":"Success", "context":Result: Success. cV=MsAhPLChQ8gH+mDc1+MoGM.0;server=akswtt01100001p;cloudType=Consumer;environment=Prod_southindia_prod-s01-004-apac-southindia;migrationStage=NotStarted}
{"logTime": "0411/010308", "correlationVector":"D/vtz944zwMHUrIu+6UCP5","action":"Commit Request", "result":"", "context":Item count: 4
Contributing types: Sessions, History}
{"logTime": "0411/010309", "correlationVector":"D/vtz944zwMHUrIu+6UCP5.1","action":"SyncServerConnectionManagerRequest", "result":"SYNC_SERVER_OK", "context":{"environment":"Prod_southindia_prod-s01-004-apac-southindia", "migrationStage":"NotStarted", "server":"akswtt01100001u"}}
{"logTime": "0411/010309", "correlationVector":"D/vtz944zwMHUrIu+6UCP5.2","action":"Commit Response", "result":"Success", "context":Result: Success. cV=D/vtz944zwMHUrIu+6UCP5.0;server=akswtt01100001u;cloudType=Consumer;environment=Prod_southindia_prod-s01-004-apac-southindia;migrationStage=NotStarted}
{"logTime": "0411/011034", "correlationVector":"pGx6hSViuLQwd77oL6Vmjr","action":"Commit Request", "result":"", "context":Item count: 1
Contributing types: Sessions}
{"logTime": "0411/011034", "correlationVector":"pGx6hSViuLQwd77oL6Vmjr.1","action":"SyncServerConnectionManagerRequest", "result":"SYNC_SERVER_OK", "context":{"environment":"Prod_southindia_prod-s01-004-apac-southindia", "migrationStage":"NotStarted", "server":"akswtt01100000g"}}
{"logTime": "0411/011034", "correlationVector":"pGx6hSViuLQwd77oL6Vmjr.2","action":"Commit Response", "result":"Success", "context":Result: Success. cV=pGx6hSViuLQwd77oL6Vmjr.0;server=akswtt01100000g;cloudType=Consumer;environment=Prod_southindia_prod-s01-004-apac-southindia;migrationStage=NotStarted}
{"logTime": "0411/011348", "correlationVector":"cdTTCltbwQmzkIxJJkT2or","action":"Commit Request", "result":"", "context":Item count: 1
Contributing types: Sessions}
{"logTime": "0411/011348", "correlationVector":"cdTTCltbwQmzkIxJJkT2or.1","action":"SyncServerConnectionManagerRequest", "result":"SYNC_SERVER_OK", "context":{"environment":"Prod_southindia_prod-s01-004-apac-southindia", "migrationStage":"NotStarted", "server":"akswtt011000024"}}
{"logTime": "0411/011348", "correlationVector":"cdTTCltbwQmzkIxJJkT2or.2","action":"Commit Response", "result":"Success", "context":Result: Success. cV=cdTTCltbwQmzkIxJJkT2or.0;server=akswtt011000024;cloudType=Consumer;environment=Prod_southindia_prod-s01-004-apac-southindia;migrationStage=NotStarted}
{"logTime": "0411/012823", "correlationVector":"esu9XUTOJZwHefIthxvZ1f","action":"Commit Request", "result":"", "context":Item count: 1
Contributing types: Sessions}
{"logTime": "0411/012824", "correlationVector":"esu9XUTOJZwHefIthxvZ1f.1","action":"SyncServerConnectionManagerRequest", "result":"SYNC_SERVER_OK", "context":{"environment":"Prod_southindia_prod-s01-004-apac-southindia", "migrationStage":"NotStarted", "server":"akswtt011000025"}}
{"logTime": "0411/012824", "correlationVector":"esu9XUTOJZwHefIthxvZ1f.2","action":"Commit Response", "result":"Success", "context":Result: Success. cV=esu9XUTOJZwHefIthxvZ1f.0;server=akswtt011000025;cloudType=Consumer;environment=Prod_southindia_prod-s01-004-apac-southindia;migrationStage=NotStarted}
